<?xml version="1.0" encoding="UTF-8"?>
<!-- Generated by org.testng.reporters.JUnitXMLReporter -->
<testsuite hostname="User-PC" ignored="0" name="Verify Login Functional" tests="3" failures="0" timestamp="27 Mar 2021 02:26:06 GMT" time="0.067" errors="0">
  <testcase name="validatelogin" time="0.012" classname="functional.Test1"/>
  <testcase name="validatepagetitle" time="0.003" classname="functional.Test1"/>
  <testcase name="searchforaproduct" time="0.002" classname="functional.Test1"/>
</testsuite> <!-- Verify Login Functional -->
