<?xml version="1.0" encoding="UTF-8"?>
<!-- Generated by org.testng.reporters.JUnitXMLReporter -->
<testsuite hostname="User-PC" ignored="0" name="Verify Login" tests="3" failures="0" timestamp="27 Mar 2021 02:08:37 GMT" time="0.075" errors="0">
  <testcase name="validatelogin" time="0.006" classname="testngtestcases.Test1"/>
  <testcase name="validatepagrtitle" time="0.002" classname="testngtestcases.Test1"/>
  <testcase name="searchforaproduct" time="0.001" classname="testngtestcases.Test1"/>
</testsuite> <!-- Verify Login -->
