<?xml version="1.0" encoding="UTF-8"?>
<!-- Generated by org.testng.reporters.JUnitXMLReporter -->
<testsuite hostname="User-PC" ignored="1" name="Test1" tests="2" failures="0" timestamp="27 Mar 2021 03:01:55 GMT" time="0.32" errors="0">
  <testcase name="validatelogin" time="0.017" classname="testngtestcases.Test1"/>
  <testcase name="validatepagetitle" time="0.004" classname="testngtestcases.Test1"/>
  <testcase name="searchforaproduct" time="0.0" classname="testngtestcases.Test1">
    <ignored/>
  </testcase> <!-- searchforaproduct -->
</testsuite> <!-- Test1 -->
