<?xml version="1.0" encoding="UTF-8"?>
<!-- Generated by org.testng.reporters.JUnitXMLReporter -->
<testsuite hostname="User-PC" ignored="0" name="Verify Login Regression" tests="3" failures="0" timestamp="27 Mar 2021 03:55:34 GMT" time="0.095" errors="0">
  <testcase name="validatelogin" time="0.008" classname="regression.Test1"/>
  <testcase name="validatepagetitle" time="0.002" classname="regression.Test1"/>
  <testcase name="searchforaproduct" time="0.003" classname="regression.Test1"/>
</testsuite> <!-- Verify Login Regression -->
