<?xml version="1.0" encoding="UTF-8"?>
<testng-results skipped="0" failed="0" ignored="0" total="4" passed="4">
  <reporter-output>
  </reporter-output>
  <suite name="Regression Suite" duration-ms="474" started-at="2021-03-27T03:55:33Z" finished-at="2021-03-27T03:55:34Z">
    <groups>
      <group name="functional">
        <method signature="Test1.searchforaproduct()[pri:3, instance:regression.Test1@78b1cc93]" name="searchforaproduct" class="regression.Test1"/>
      </group> <!-- functional -->
      <group name="sanity">
        <method signature="Test1.validatelogin()[pri:1, instance:regression.Test1@78b1cc93]" name="validatelogin" class="regression.Test1"/>
        <method signature="Test1.validatepagetitle()[pri:2, instance:regression.Test1@78b1cc93]" name="validatepagetitle" class="regression.Test1"/>
      </group> <!-- sanity -->
    </groups>
    <test name="Verify Login Regression" duration-ms="95" started-at="2021-03-27T03:55:33Z" finished-at="2021-03-27T03:55:33Z">
      <class name="regression.Test1">
        <test-method status="PASS" signature="createDBconnection()[pri:0, instance:regression.Test1@78b1cc93]" name="createDBconnection" is-config="true" duration-ms="36" started-at="2021-03-27T03:55:33Z" finished-at="2021-03-27T03:55:33Z">
          <reporter-output>
          </reporter-output>
        </test-method> <!-- createDBconnection -->
        <test-method status="PASS" signature="launchBrowser()[pri:0, instance:regression.Test1@78b1cc93]" name="launchBrowser" is-config="true" duration-ms="1" started-at="2021-03-27T03:55:33Z" finished-at="2021-03-27T03:55:33Z">
          <reporter-output>
          </reporter-output>
        </test-method> <!-- launchBrowser -->
        <test-method status="PASS" signature="validatelogin()[pri:1, instance:regression.Test1@78b1cc93]" name="validatelogin" duration-ms="8" started-at="2021-03-27T03:55:33Z" finished-at="2021-03-27T03:55:33Z">
          <reporter-output>
          </reporter-output>
        </test-method> <!-- validatelogin -->
        <test-method status="PASS" signature="closeBrowser()[pri:0, instance:regression.Test1@78b1cc93]" name="closeBrowser" is-config="true" duration-ms="0" started-at="2021-03-27T03:55:33Z" finished-at="2021-03-27T03:55:33Z">
          <reporter-output>
          </reporter-output>
        </test-method> <!-- closeBrowser -->
        <test-method status="PASS" signature="launchBrowser()[pri:0, instance:regression.Test1@78b1cc93]" name="launchBrowser" is-config="true" duration-ms="1" started-at="2021-03-27T03:55:33Z" finished-at="2021-03-27T03:55:33Z">
          <reporter-output>
          </reporter-output>
        </test-method> <!-- launchBrowser -->
        <test-method status="PASS" signature="validatepagetitle()[pri:2, instance:regression.Test1@78b1cc93]" name="validatepagetitle" duration-ms="2" started-at="2021-03-27T03:55:33Z" finished-at="2021-03-27T03:55:33Z">
          <reporter-output>
          </reporter-output>
        </test-method> <!-- validatepagetitle -->
        <test-method status="PASS" signature="closeBrowser()[pri:0, instance:regression.Test1@78b1cc93]" name="closeBrowser" is-config="true" duration-ms="1" started-at="2021-03-27T03:55:33Z" finished-at="2021-03-27T03:55:33Z">
          <reporter-output>
          </reporter-output>
        </test-method> <!-- closeBrowser -->
        <test-method status="PASS" signature="searchforaproduct()[pri:3, instance:regression.Test1@78b1cc93]" name="searchforaproduct" duration-ms="3" started-at="2021-03-27T03:55:33Z" finished-at="2021-03-27T03:55:33Z">
          <reporter-output>
          </reporter-output>
        </test-method> <!-- searchforaproduct -->
        <test-method status="PASS" signature="launchBrowser()[pri:0, instance:regression.Test1@78b1cc93]" name="launchBrowser" is-config="true" duration-ms="0" started-at="2021-03-27T03:55:33Z" finished-at="2021-03-27T03:55:33Z">
          <reporter-output>
          </reporter-output>
        </test-method> <!-- launchBrowser -->
        <test-method status="PASS" signature="closeBrowser()[pri:0, instance:regression.Test1@78b1cc93]" name="closeBrowser" is-config="true" duration-ms="1" started-at="2021-03-27T03:55:33Z" finished-at="2021-03-27T03:55:33Z">
          <reporter-output>
          </reporter-output>
        </test-method> <!-- closeBrowser -->
        <test-method status="PASS" signature="closeDBconnection()[pri:0, instance:regression.Test1@78b1cc93]" name="closeDBconnection" is-config="true" duration-ms="0" started-at="2021-03-27T03:55:33Z" finished-at="2021-03-27T03:55:33Z">
          <reporter-output>
          </reporter-output>
        </test-method> <!-- closeDBconnection -->
      </class> <!-- regression.Test1 -->
    </test> <!-- Verify Login Regression -->
    <test name="Verify Page Title Regression" duration-ms="7" started-at="2021-03-27T03:55:34Z" finished-at="2021-03-27T03:55:34Z">
      <class name="regression.Test2">
        <test-method status="PASS" signature="verifyPagetitle()[pri:0, instance:regression.Test2@79ca92b9]" name="verifyPagetitle" duration-ms="4" started-at="2021-03-27T03:55:34Z" finished-at="2021-03-27T03:55:34Z">
          <reporter-output>
          </reporter-output>
        </test-method> <!-- verifyPagetitle -->
      </class> <!-- regression.Test2 -->
    </test> <!-- Verify Page Title Regression -->
  </suite> <!-- Regression Suite -->
</testng-results>
